2024/03/04 10:30:42 {/students/ GET test success}
2024/03/05 04:57:33 {/students/ POST test EOF}
2024/03/05 05:01:34 {/students/ POST test EOF}
2024/03/05 05:54:57 {/students/ POST test EOF}
2024/03/05 05:55:26 {/students/ POST test EOF}
2024/03/05 05:56:03 {/students/ POST test EOF}
2024/03/05 06:10:40 {/students/ POST test success}
2024/03/05 06:10:44 {/students/ POST test edgedb.InvalidArgumentError: cannot encode edgedb.OptionalStr at args.email because its value is missing}
2024/03/05 06:16:50 {/students/ POST test EOF}
2024/03/05 06:17:05 {/students/ POST test EOF}
2024/03/05 06:17:31 {/students/ POST test EOF}
2024/03/05 06:17:33 {/students/ POST test EOF}
2024/03/05 06:22:39 {/students/ POST test EOF}
2024/03/05 06:23:34 {/students/ POST test EOF}
2024/03/05 06:24:03 {/students/ POST test EOF}
2024/03/05 06:37:04 {/students/ POST test EOF}
2024/03/05 07:07:05 {/students/ POST test a user exist}
2024/03/05 07:07:45 {/students/ POST test a user exist}
2024/03/05 07:08:04 {/students/ POST test a user exist}
2024/03/05 07:08:15 {/students/ POST test a user exist}
2024/03/05 07:08:22 {/students/ POST test a user exist}
2024/03/05 07:08:46 {/students/ POST test a user exist}
2024/03/05 07:09:37 {/students/ POST test success}
2024/03/05 07:09:38 {/students/ POST test a user exist}
2024/03/05 07:09:38 {/students/ POST test success}
2024/03/05 07:09:48 {/students/ POST test a user exist}
2024/03/05 07:09:49 {/students/ POST test a user exist}
2024/03/05 07:09:51 {/students/ POST test a user exist}
2024/03/05 07:09:52 {/students/ POST test a user exist}
2024/03/05 08:38:34 {/students/ POST test success}
2024/03/05 08:38:54 {/students/ POST test a user exist with this email}
2024/03/05 08:38:57 {/students/ POST test a user exist with this email}
2024/03/05 08:44:37 {/students/ POST test a user exist with this email}
2024/03/05 08:44:38 {/students/ POST test a user exist with this email}
2024/03/05 08:44:39 {/students/ POST test a user exist with this email}
2024/03/05 08:44:40 {/students/ POST test a user exist with this email}
2024/03/05 08:44:41 {/students/ POST test a user exist with this email}
2024/03/05 08:44:41 {/students/ POST test a user exist with this email}
2024/03/05 08:47:01 {/students/ POST test a user exist with this email}
2024/03/05 08:47:08 {/students/ POST test a user exist with this email}
2024/03/05 08:47:12 {/students/ POST test a user exist with this email}
2024/03/05 08:47:20 {/students/ POST test a user exist with this email}
2024/03/05 08:48:13 {/students/ POST test Key: 'Student.Name' Error:Field validation for 'Name' failed on the 'required' tag}
2024/03/05 08:52:21 {/students/ POST test a user exist with this email}
2024/03/05 08:52:27 {/students/ GET test success}
2024/03/05 08:52:35 {/students/26a38dac-d6e4-11ee-8cfe-534d250e2c23 PUT test edgedb.NoDataError: zero results}
2024/03/05 08:52:48 {/students/3eee5310-d6e4-11ee-83fb-bb79b978832b PUT test success}
2024/03/05 08:52:58 {/students/ GET test success}
2024/03/05 08:53:18 {/students/3eee5310-d6e4-11ee-83fb-bb79b978832b GET test success}
2024/03/05 08:54:03 {/students/ GET test success}
2024/03/05 08:54:17 {/students/ GET test success}
